2023-11-09T13:19:43.847Z - error: Error occurred during reporter init: Error: Error when loading extension xlsx@2.5.0
Error: Extension "xlsx" is not compatible with "core" extension. Missing ".requires" information in "xlsx" definition
    at validateMinimalVersion (C:\Users\HP\Desktop\esti_scholar_management\node_modules\@jsreport\jsreport-core\lib\main\extensions\validateMinimalVersion.js:24:11)
    at Object._useOne (C:\Users\HP\Desktop\esti_scholar_management\node_modules\@jsreport\jsreport-core\lib\main\extensions\extensionsManager.js:158:9)
    at Object._useMany (C:\Users\HP\Desktop\esti_scholar_management\node_modules\@jsreport\jsreport-core\lib\main\extensions\extensionsManager.js:99:38)
    at async MainReporter.init (C:\Users\HP\Desktop\esti_scholar_management\node_modules\@jsreport\jsreport-core\lib\main\reporter.js:207:7)
    at async generateExcel (webpack-internal:///(api)/./utils/generateExcel.ts:41:5)
    at async handler (webpack-internal:///(api)/./pages/api/xlsx/index.ts:12:22)
    at Object._useOne (C:\Users\HP\Desktop\esti_scholar_management\node_modules\@jsreport\jsreport-core\lib\main\extensions\extensionsManager.js:248:15)
    at Object._useMany (C:\Users\HP\Desktop\esti_scholar_management\node_modules\@jsreport\jsreport-core\lib\main\extensions\extensionsManager.js:99:38)
    at async MainReporter.init (C:\Users\HP\Desktop\esti_scholar_management\node_modules\@jsreport\jsreport-core\lib\main\reporter.js:207:7)
    at async generateExcel (webpack-internal:///(api)/./utils/generateExcel.ts:41:5)
    at async handler (webpack-internal:///(api)/./pages/api/xlsx/index.ts:12:22)
2023-11-09T13:21:30.022Z - error: Error occurred during reporter init: Error: Error when loading extension xlsx@2.5.0
Error: Extension "xlsx" is not compatible with "core" extension. Missing ".requires" information in "xlsx" definition
    at validateMinimalVersion (C:\Users\HP\Desktop\esti_scholar_management\node_modules\@jsreport\jsreport-core\lib\main\extensions\validateMinimalVersion.js:24:11)
    at Object._useOne (C:\Users\HP\Desktop\esti_scholar_management\node_modules\@jsreport\jsreport-core\lib\main\extensions\extensionsManager.js:158:9)
    at Object._useMany (C:\Users\HP\Desktop\esti_scholar_management\node_modules\@jsreport\jsreport-core\lib\main\extensions\extensionsManager.js:99:38)
    at async MainReporter.init (C:\Users\HP\Desktop\esti_scholar_management\node_modules\@jsreport\jsreport-core\lib\main\reporter.js:207:7)
    at async generateExcel (webpack-internal:///(api)/./utils/generateExcel.ts:41:5)
    at async handler (webpack-internal:///(api)/./pages/api/xlsx/index.ts:12:22)
    at Object._useOne (C:\Users\HP\Desktop\esti_scholar_management\node_modules\@jsreport\jsreport-core\lib\main\extensions\extensionsManager.js:248:15)
    at Object._useMany (C:\Users\HP\Desktop\esti_scholar_management\node_modules\@jsreport\jsreport-core\lib\main\extensions\extensionsManager.js:99:38)
    at async MainReporter.init (C:\Users\HP\Desktop\esti_scholar_management\node_modules\@jsreport\jsreport-core\lib\main\reporter.js:207:7)
    at async generateExcel (webpack-internal:///(api)/./utils/generateExcel.ts:41:5)
    at async handler (webpack-internal:///(api)/./pages/api/xlsx/index.ts:12:22)
2023-11-09T13:34:06.866Z - error: Error occurred during reporter init: Error: Error when loading extension xlsx@2.5.0
Error: Extension "xlsx" is not compatible with "core" extension. Missing ".requires" information in "xlsx" definition
    at validateMinimalVersion (C:\Users\HP\Desktop\esti_scholar_management\node_modules\@jsreport\jsreport-core\lib\main\extensions\validateMinimalVersion.js:24:11)
    at Object._useOne (C:\Users\HP\Desktop\esti_scholar_management\node_modules\@jsreport\jsreport-core\lib\main\extensions\extensionsManager.js:158:9)
    at Object._useMany (C:\Users\HP\Desktop\esti_scholar_management\node_modules\@jsreport\jsreport-core\lib\main\extensions\extensionsManager.js:99:38)
    at async MainReporter.init (C:\Users\HP\Desktop\esti_scholar_management\node_modules\@jsreport\jsreport-core\lib\main\reporter.js:207:7)
    at async generateExcel (webpack-internal:///(api)/./utils/generateExcel.ts:41:5)
    at async handler (webpack-internal:///(api)/./pages/api/xlsx/index.ts:12:22)
    at Object._useOne (C:\Users\HP\Desktop\esti_scholar_management\node_modules\@jsreport\jsreport-core\lib\main\extensions\extensionsManager.js:248:15)
    at Object._useMany (C:\Users\HP\Desktop\esti_scholar_management\node_modules\@jsreport\jsreport-core\lib\main\extensions\extensionsManager.js:99:38)
    at async MainReporter.init (C:\Users\HP\Desktop\esti_scholar_management\node_modules\@jsreport\jsreport-core\lib\main\reporter.js:207:7)
    at async generateExcel (webpack-internal:///(api)/./utils/generateExcel.ts:41:5)
    at async handler (webpack-internal:///(api)/./pages/api/xlsx/index.ts:12:22)
2023-11-09T13:34:43.699Z - error: Error occurred during reporter init: Error: Error when loading extension xlsx@2.5.0
Error: Extension "xlsx" is not compatible with "core" extension. Missing ".requires" information in "xlsx" definition
    at validateMinimalVersion (C:\Users\HP\Desktop\esti_scholar_management\node_modules\@jsreport\jsreport-core\lib\main\extensions\validateMinimalVersion.js:24:11)
    at Object._useOne (C:\Users\HP\Desktop\esti_scholar_management\node_modules\@jsreport\jsreport-core\lib\main\extensions\extensionsManager.js:158:9)
    at Object._useMany (C:\Users\HP\Desktop\esti_scholar_management\node_modules\@jsreport\jsreport-core\lib\main\extensions\extensionsManager.js:99:38)
    at async MainReporter.init (C:\Users\HP\Desktop\esti_scholar_management\node_modules\@jsreport\jsreport-core\lib\main\reporter.js:207:7)
    at async generateExcel (webpack-internal:///(api)/./utils/generateExcel.ts:41:5)
    at async handler (webpack-internal:///(api)/./pages/api/xlsx/index.ts:12:22)
    at Object._useOne (C:\Users\HP\Desktop\esti_scholar_management\node_modules\@jsreport\jsreport-core\lib\main\extensions\extensionsManager.js:248:15)
    at Object._useMany (C:\Users\HP\Desktop\esti_scholar_management\node_modules\@jsreport\jsreport-core\lib\main\extensions\extensionsManager.js:99:38)
    at async MainReporter.init (C:\Users\HP\Desktop\esti_scholar_management\node_modules\@jsreport\jsreport-core\lib\main\reporter.js:207:7)
    at async generateExcel (webpack-internal:///(api)/./utils/generateExcel.ts:41:5)
    at async handler (webpack-internal:///(api)/./pages/api/xlsx/index.ts:12:22)
2023-11-09T13:35:15.292Z - error: Error occurred during reporter init: Error: Error when loading extension xlsx@2.5.0
Error: Extension "xlsx" is not compatible with "core" extension. Missing ".requires" information in "xlsx" definition
    at validateMinimalVersion (C:\Users\HP\Desktop\esti_scholar_management\node_modules\@jsreport\jsreport-core\lib\main\extensions\validateMinimalVersion.js:24:11)
    at Object._useOne (C:\Users\HP\Desktop\esti_scholar_management\node_modules\@jsreport\jsreport-core\lib\main\extensions\extensionsManager.js:158:9)
    at Object._useMany (C:\Users\HP\Desktop\esti_scholar_management\node_modules\@jsreport\jsreport-core\lib\main\extensions\extensionsManager.js:99:38)
    at async MainReporter.init (C:\Users\HP\Desktop\esti_scholar_management\node_modules\@jsreport\jsreport-core\lib\main\reporter.js:207:7)
    at async generateExcel (webpack-internal:///(api)/./utils/generateExcel.ts:41:5)
    at async handler (webpack-internal:///(api)/./pages/api/xlsx/index.ts:12:22)
    at Object._useOne (C:\Users\HP\Desktop\esti_scholar_management\node_modules\@jsreport\jsreport-core\lib\main\extensions\extensionsManager.js:248:15)
    at Object._useMany (C:\Users\HP\Desktop\esti_scholar_management\node_modules\@jsreport\jsreport-core\lib\main\extensions\extensionsManager.js:99:38)
    at async MainReporter.init (C:\Users\HP\Desktop\esti_scholar_management\node_modules\@jsreport\jsreport-core\lib\main\reporter.js:207:7)
    at async generateExcel (webpack-internal:///(api)/./utils/generateExcel.ts:41:5)
    at async handler (webpack-internal:///(api)/./pages/api/xlsx/index.ts:12:22)
2023-11-09T13:41:37.643Z - error: Error occurred during reporter init: Error: Error when loading extension html-to-xlsx@2.8.6
Error: Extension "html-to-xlsx" is not compatible with "core" extension. Missing ".requires" information in "html-to-xlsx" definition
    at validateMinimalVersion (C:\Users\HP\Desktop\esti_scholar_management\node_modules\@jsreport\jsreport-core\lib\main\extensions\validateMinimalVersion.js:24:11)
    at Object._useOne (C:\Users\HP\Desktop\esti_scholar_management\node_modules\@jsreport\jsreport-core\lib\main\extensions\extensionsManager.js:158:9)
    at Object._useMany (C:\Users\HP\Desktop\esti_scholar_management\node_modules\@jsreport\jsreport-core\lib\main\extensions\extensionsManager.js:99:38)
    at async MainReporter.init (C:\Users\HP\Desktop\esti_scholar_management\node_modules\@jsreport\jsreport-core\lib\main\reporter.js:207:7)
    at async generateExcel (webpack-internal:///(api)/./utils/generateExcel.ts:31:5)
    at async handler (webpack-internal:///(api)/./pages/api/xlsx/index.ts:12:22)
    at Object._useOne (C:\Users\HP\Desktop\esti_scholar_management\node_modules\@jsreport\jsreport-core\lib\main\extensions\extensionsManager.js:248:15)
    at Object._useMany (C:\Users\HP\Desktop\esti_scholar_management\node_modules\@jsreport\jsreport-core\lib\main\extensions\extensionsManager.js:99:38)
    at async MainReporter.init (C:\Users\HP\Desktop\esti_scholar_management\node_modules\@jsreport\jsreport-core\lib\main\reporter.js:207:7)
    at async generateExcel (webpack-internal:///(api)/./utils/generateExcel.ts:31:5)
    at async handler (webpack-internal:///(api)/./pages/api/xlsx/index.ts:12:22)
2023-11-09T15:57:15.652Z - error: Error occurred during reporter init: Error: Error when loading extension html-to-xlsx@2.8.6
Error: Extension "html-to-xlsx" is not compatible with "core" extension. Missing ".requires" information in "html-to-xlsx" definition
    at validateMinimalVersion (C:\Users\HP\Desktop\esti_scholar_management\node_modules\@jsreport\jsreport-core\lib\main\extensions\validateMinimalVersion.js:24:11)
    at Object._useOne (C:\Users\HP\Desktop\esti_scholar_management\node_modules\@jsreport\jsreport-core\lib\main\extensions\extensionsManager.js:158:9)
    at Object._useMany (C:\Users\HP\Desktop\esti_scholar_management\node_modules\@jsreport\jsreport-core\lib\main\extensions\extensionsManager.js:99:38)
    at async MainReporter.init (C:\Users\HP\Desktop\esti_scholar_management\node_modules\@jsreport\jsreport-core\lib\main\reporter.js:207:7)
    at async generateExcel (webpack-internal:///(api)/./utils/generateExcel.ts:31:5)
    at async handler (webpack-internal:///(api)/./pages/api/xlsx/index.ts:12:22)
    at Object._useOne (C:\Users\HP\Desktop\esti_scholar_management\node_modules\@jsreport\jsreport-core\lib\main\extensions\extensionsManager.js:248:15)
    at Object._useMany (C:\Users\HP\Desktop\esti_scholar_management\node_modules\@jsreport\jsreport-core\lib\main\extensions\extensionsManager.js:99:38)
    at async MainReporter.init (C:\Users\HP\Desktop\esti_scholar_management\node_modules\@jsreport\jsreport-core\lib\main\reporter.js:207:7)
    at async generateExcel (webpack-internal:///(api)/./utils/generateExcel.ts:31:5)
    at async handler (webpack-internal:///(api)/./pages/api/xlsx/index.ts:12:22)
2023-11-10T06:45:33.004Z - error: Error occurred during reporter init: Error: Error when loading extension html-to-xlsx@2.8.6
Error: Extension "html-to-xlsx" is not compatible with "core" extension. Missing ".requires" information in "html-to-xlsx" definition
    at validateMinimalVersion (C:\Users\HP\Desktop\esti_scholar_management\node_modules\@jsreport\jsreport-core\lib\main\extensions\validateMinimalVersion.js:24:11)
    at Object._useOne (C:\Users\HP\Desktop\esti_scholar_management\node_modules\@jsreport\jsreport-core\lib\main\extensions\extensionsManager.js:158:9)
    at Object._useMany (C:\Users\HP\Desktop\esti_scholar_management\node_modules\@jsreport\jsreport-core\lib\main\extensions\extensionsManager.js:99:38)
    at async MainReporter.init (C:\Users\HP\Desktop\esti_scholar_management\node_modules\@jsreport\jsreport-core\lib\main\reporter.js:207:7)
    at async generateExcel (webpack-internal:///(api)/./utils/generateExcel.ts:31:5)
    at async handler (webpack-internal:///(api)/./pages/api/xlsx/index.ts:12:22)
    at Object._useOne (C:\Users\HP\Desktop\esti_scholar_management\node_modules\@jsreport\jsreport-core\lib\main\extensions\extensionsManager.js:248:15)
    at Object._useMany (C:\Users\HP\Desktop\esti_scholar_management\node_modules\@jsreport\jsreport-core\lib\main\extensions\extensionsManager.js:99:38)
    at async MainReporter.init (C:\Users\HP\Desktop\esti_scholar_management\node_modules\@jsreport\jsreport-core\lib\main\reporter.js:207:7)
    at async generateExcel (webpack-internal:///(api)/./utils/generateExcel.ts:31:5)
    at async handler (webpack-internal:///(api)/./pages/api/xlsx/index.ts:12:22)
2023-11-10T06:56:42.928Z - error: Error occurred during reporter init: Error: Error when loading extension html-to-xlsx@2.8.6
Error: Extension "html-to-xlsx" is not compatible with "core" extension. Missing ".requires" information in "html-to-xlsx" definition
    at validateMinimalVersion (C:\Users\HP\Desktop\esti_scholar_management\node_modules\@jsreport\jsreport-core\lib\main\extensions\validateMinimalVersion.js:24:11)
    at Object._useOne (C:\Users\HP\Desktop\esti_scholar_management\node_modules\@jsreport\jsreport-core\lib\main\extensions\extensionsManager.js:158:9)
    at Object._useMany (C:\Users\HP\Desktop\esti_scholar_management\node_modules\@jsreport\jsreport-core\lib\main\extensions\extensionsManager.js:99:38)
    at async MainReporter.init (C:\Users\HP\Desktop\esti_scholar_management\node_modules\@jsreport\jsreport-core\lib\main\reporter.js:207:7)
    at async executeCommand (C:\Users\HP\Desktop\esti_scholar_management\node_modules\@jsreport\jsreport-cli\lib\commander\executeCommand.js:22:20)
    at async Object.handler (C:\Users\HP\Desktop\esti_scholar_management\node_modules\@jsreport\jsreport-cli\lib\commander\registerCommand.js:76:9)
    at async parseCLI (C:\Users\HP\Desktop\esti_scholar_management\node_modules\@jsreport\jsreport-cli\lib\commander\startCommand.js:156:3)
    at async startCLI (C:\Users\HP\Desktop\esti_scholar_management\node_modules\@jsreport\jsreport-cli\lib\commander\startCommand.js:121:20)
    at async startCommand (C:\Users\HP\Desktop\esti_scholar_management\node_modules\@jsreport\jsreport-cli\lib\commander\startCommand.js:67:5)
    at async startProcessing (C:\Users\HP\Desktop\esti_scholar_management\node_modules\@jsreport\jsreport-cli\lib\commander\startProcessing.js:195:3)
    at Object._useOne (C:\Users\HP\Desktop\esti_scholar_management\node_modules\@jsreport\jsreport-core\lib\main\extensions\extensionsManager.js:248:15)
    at Object._useMany (C:\Users\HP\Desktop\esti_scholar_management\node_modules\@jsreport\jsreport-core\lib\main\extensions\extensionsManager.js:99:38)
    at async MainReporter.init (C:\Users\HP\Desktop\esti_scholar_management\node_modules\@jsreport\jsreport-core\lib\main\reporter.js:207:7)
    at async executeCommand (C:\Users\HP\Desktop\esti_scholar_management\node_modules\@jsreport\jsreport-cli\lib\commander\executeCommand.js:22:20)
    at async Object.handler (C:\Users\HP\Desktop\esti_scholar_management\node_modules\@jsreport\jsreport-cli\lib\commander\registerCommand.js:76:9)
    at async parseCLI (C:\Users\HP\Desktop\esti_scholar_management\node_modules\@jsreport\jsreport-cli\lib\commander\startCommand.js:156:3)
    at async startCLI (C:\Users\HP\Desktop\esti_scholar_management\node_modules\@jsreport\jsreport-cli\lib\commander\startCommand.js:121:20)
    at async startCommand (C:\Users\HP\Desktop\esti_scholar_management\node_modules\@jsreport\jsreport-cli\lib\commander\startCommand.js:67:5)
    at async startProcessing (C:\Users\HP\Desktop\esti_scholar_management\node_modules\@jsreport\jsreport-cli\lib\commander\startProcessing.js:195:3)
2023-11-10T07:01:42.639Z - error: Error occurred during reporter init: Error: Error when loading extension html-to-xlsx@2.8.6
Error: Extension "html-to-xlsx" is not compatible with "core" extension. Missing ".requires" information in "html-to-xlsx" definition
    at validateMinimalVersion (C:\Users\HP\Desktop\esti_scholar_management\node_modules\@jsreport\jsreport-core\lib\main\extensions\validateMinimalVersion.js:24:11)
    at Object._useOne (C:\Users\HP\Desktop\esti_scholar_management\node_modules\@jsreport\jsreport-core\lib\main\extensions\extensionsManager.js:158:9)
    at Object._useMany (C:\Users\HP\Desktop\esti_scholar_management\node_modules\@jsreport\jsreport-core\lib\main\extensions\extensionsManager.js:99:38)
    at async MainReporter.init (C:\Users\HP\Desktop\esti_scholar_management\node_modules\@jsreport\jsreport-core\lib\main\reporter.js:207:7)
    at async executeCommand (C:\Users\HP\Desktop\esti_scholar_management\node_modules\@jsreport\jsreport-cli\lib\commander\executeCommand.js:22:20)
    at async Object.handler (C:\Users\HP\Desktop\esti_scholar_management\node_modules\@jsreport\jsreport-cli\lib\commander\registerCommand.js:76:9)
    at async parseCLI (C:\Users\HP\Desktop\esti_scholar_management\node_modules\@jsreport\jsreport-cli\lib\commander\startCommand.js:156:3)
    at async startCLI (C:\Users\HP\Desktop\esti_scholar_management\node_modules\@jsreport\jsreport-cli\lib\commander\startCommand.js:121:20)
    at async startCommand (C:\Users\HP\Desktop\esti_scholar_management\node_modules\@jsreport\jsreport-cli\lib\commander\startCommand.js:67:5)
    at async startProcessing (C:\Users\HP\Desktop\esti_scholar_management\node_modules\@jsreport\jsreport-cli\lib\commander\startProcessing.js:195:3)
    at Object._useOne (C:\Users\HP\Desktop\esti_scholar_management\node_modules\@jsreport\jsreport-core\lib\main\extensions\extensionsManager.js:248:15)
    at Object._useMany (C:\Users\HP\Desktop\esti_scholar_management\node_modules\@jsreport\jsreport-core\lib\main\extensions\extensionsManager.js:99:38)
    at async MainReporter.init (C:\Users\HP\Desktop\esti_scholar_management\node_modules\@jsreport\jsreport-core\lib\main\reporter.js:207:7)
    at async executeCommand (C:\Users\HP\Desktop\esti_scholar_management\node_modules\@jsreport\jsreport-cli\lib\commander\executeCommand.js:22:20)
    at async Object.handler (C:\Users\HP\Desktop\esti_scholar_management\node_modules\@jsreport\jsreport-cli\lib\commander\registerCommand.js:76:9)
    at async parseCLI (C:\Users\HP\Desktop\esti_scholar_management\node_modules\@jsreport\jsreport-cli\lib\commander\startCommand.js:156:3)
    at async startCLI (C:\Users\HP\Desktop\esti_scholar_management\node_modules\@jsreport\jsreport-cli\lib\commander\startCommand.js:121:20)
    at async startCommand (C:\Users\HP\Desktop\esti_scholar_management\node_modules\@jsreport\jsreport-cli\lib\commander\startCommand.js:67:5)
    at async startProcessing (C:\Users\HP\Desktop\esti_scholar_management\node_modules\@jsreport\jsreport-cli\lib\commander\startProcessing.js:195:3)
2023-11-10T07:02:32.418Z - error: Error occurred during reporter init: Error: Error when loading extension html-to-xlsx@2.8.6
Error: Extension "html-to-xlsx" is not compatible with "core" extension. Missing ".requires" information in "html-to-xlsx" definition
    at validateMinimalVersion (C:\Users\HP\Desktop\esti_scholar_management\node_modules\@jsreport\jsreport-core\lib\main\extensions\validateMinimalVersion.js:24:11)
    at Object._useOne (C:\Users\HP\Desktop\esti_scholar_management\node_modules\@jsreport\jsreport-core\lib\main\extensions\extensionsManager.js:158:9)
    at Object._useMany (C:\Users\HP\Desktop\esti_scholar_management\node_modules\@jsreport\jsreport-core\lib\main\extensions\extensionsManager.js:99:38)
    at async MainReporter.init (C:\Users\HP\Desktop\esti_scholar_management\node_modules\@jsreport\jsreport-core\lib\main\reporter.js:207:7)
    at async executeCommand (C:\Users\HP\Desktop\esti_scholar_management\node_modules\@jsreport\jsreport-cli\lib\commander\executeCommand.js:22:20)
    at async Object.handler (C:\Users\HP\Desktop\esti_scholar_management\node_modules\@jsreport\jsreport-cli\lib\commander\registerCommand.js:76:9)
    at async parseCLI (C:\Users\HP\Desktop\esti_scholar_management\node_modules\@jsreport\jsreport-cli\lib\commander\startCommand.js:156:3)
    at async startCLI (C:\Users\HP\Desktop\esti_scholar_management\node_modules\@jsreport\jsreport-cli\lib\commander\startCommand.js:121:20)
    at async startCommand (C:\Users\HP\Desktop\esti_scholar_management\node_modules\@jsreport\jsreport-cli\lib\commander\startCommand.js:67:5)
    at async startProcessing (C:\Users\HP\Desktop\esti_scholar_management\node_modules\@jsreport\jsreport-cli\lib\commander\startProcessing.js:195:3)
    at Object._useOne (C:\Users\HP\Desktop\esti_scholar_management\node_modules\@jsreport\jsreport-core\lib\main\extensions\extensionsManager.js:248:15)
    at Object._useMany (C:\Users\HP\Desktop\esti_scholar_management\node_modules\@jsreport\jsreport-core\lib\main\extensions\extensionsManager.js:99:38)
    at async MainReporter.init (C:\Users\HP\Desktop\esti_scholar_management\node_modules\@jsreport\jsreport-core\lib\main\reporter.js:207:7)
    at async executeCommand (C:\Users\HP\Desktop\esti_scholar_management\node_modules\@jsreport\jsreport-cli\lib\commander\executeCommand.js:22:20)
    at async Object.handler (C:\Users\HP\Desktop\esti_scholar_management\node_modules\@jsreport\jsreport-cli\lib\commander\registerCommand.js:76:9)
    at async parseCLI (C:\Users\HP\Desktop\esti_scholar_management\node_modules\@jsreport\jsreport-cli\lib\commander\startCommand.js:156:3)
    at async startCLI (C:\Users\HP\Desktop\esti_scholar_management\node_modules\@jsreport\jsreport-cli\lib\commander\startCommand.js:121:20)
    at async startCommand (C:\Users\HP\Desktop\esti_scholar_management\node_modules\@jsreport\jsreport-cli\lib\commander\startCommand.js:67:5)
    at async startProcessing (C:\Users\HP\Desktop\esti_scholar_management\node_modules\@jsreport\jsreport-cli\lib\commander\startProcessing.js:195:3)
2023-11-10T07:14:19.009Z - error: Error occurred during reporter init: Error: Error when loading extension html-to-xlsx@2.8.6
Error: Extension "html-to-xlsx" is not compatible with "core" extension. Missing ".requires" information in "html-to-xlsx" definition
    at validateMinimalVersion (C:\Users\HP\Desktop\esti_scholar_management\node_modules\@jsreport\jsreport-core\lib\main\extensions\validateMinimalVersion.js:24:11)
    at Object._useOne (C:\Users\HP\Desktop\esti_scholar_management\node_modules\@jsreport\jsreport-core\lib\main\extensions\extensionsManager.js:158:9)
    at Object._useMany (C:\Users\HP\Desktop\esti_scholar_management\node_modules\@jsreport\jsreport-core\lib\main\extensions\extensionsManager.js:99:38)
    at async MainReporter.init (C:\Users\HP\Desktop\esti_scholar_management\node_modules\@jsreport\jsreport-core\lib\main\reporter.js:207:7)
    at async executeCommand (C:\Users\HP\Desktop\esti_scholar_management\node_modules\@jsreport\jsreport-cli\lib\commander\executeCommand.js:22:20)
    at async Object.handler (C:\Users\HP\Desktop\esti_scholar_management\node_modules\@jsreport\jsreport-cli\lib\commander\registerCommand.js:76:9)
    at async parseCLI (C:\Users\HP\Desktop\esti_scholar_management\node_modules\@jsreport\jsreport-cli\lib\commander\startCommand.js:156:3)
    at async startCLI (C:\Users\HP\Desktop\esti_scholar_management\node_modules\@jsreport\jsreport-cli\lib\commander\startCommand.js:121:20)
    at async startCommand (C:\Users\HP\Desktop\esti_scholar_management\node_modules\@jsreport\jsreport-cli\lib\commander\startCommand.js:67:5)
    at async startProcessing (C:\Users\HP\Desktop\esti_scholar_management\node_modules\@jsreport\jsreport-cli\lib\commander\startProcessing.js:195:3)
    at Object._useOne (C:\Users\HP\Desktop\esti_scholar_management\node_modules\@jsreport\jsreport-core\lib\main\extensions\extensionsManager.js:248:15)
    at Object._useMany (C:\Users\HP\Desktop\esti_scholar_management\node_modules\@jsreport\jsreport-core\lib\main\extensions\extensionsManager.js:99:38)
    at async MainReporter.init (C:\Users\HP\Desktop\esti_scholar_management\node_modules\@jsreport\jsreport-core\lib\main\reporter.js:207:7)
    at async executeCommand (C:\Users\HP\Desktop\esti_scholar_management\node_modules\@jsreport\jsreport-cli\lib\commander\executeCommand.js:22:20)
    at async Object.handler (C:\Users\HP\Desktop\esti_scholar_management\node_modules\@jsreport\jsreport-cli\lib\commander\registerCommand.js:76:9)
    at async parseCLI (C:\Users\HP\Desktop\esti_scholar_management\node_modules\@jsreport\jsreport-cli\lib\commander\startCommand.js:156:3)
    at async startCLI (C:\Users\HP\Desktop\esti_scholar_management\node_modules\@jsreport\jsreport-cli\lib\commander\startCommand.js:121:20)
    at async startCommand (C:\Users\HP\Desktop\esti_scholar_management\node_modules\@jsreport\jsreport-cli\lib\commander\startCommand.js:67:5)
    at async startProcessing (C:\Users\HP\Desktop\esti_scholar_management\node_modules\@jsreport\jsreport-cli\lib\commander\startProcessing.js:195:3)
2023-11-10T07:15:01.033Z - error: Error occurred during reporter init: Error: Error when loading extension html-to-xlsx@2.8.6
Error: Extension "html-to-xlsx" is not compatible with "core" extension. Missing ".requires" information in "html-to-xlsx" definition
    at validateMinimalVersion (C:\Users\HP\Desktop\esti_scholar_management\node_modules\@jsreport\jsreport-core\lib\main\extensions\validateMinimalVersion.js:24:11)
    at Object._useOne (C:\Users\HP\Desktop\esti_scholar_management\node_modules\@jsreport\jsreport-core\lib\main\extensions\extensionsManager.js:158:9)
    at Object._useMany (C:\Users\HP\Desktop\esti_scholar_management\node_modules\@jsreport\jsreport-core\lib\main\extensions\extensionsManager.js:99:38)
    at async MainReporter.init (C:\Users\HP\Desktop\esti_scholar_management\node_modules\@jsreport\jsreport-core\lib\main\reporter.js:207:7)
    at async executeCommand (C:\Users\HP\Desktop\esti_scholar_management\node_modules\@jsreport\jsreport-cli\lib\commander\executeCommand.js:22:20)
    at async Object.handler (C:\Users\HP\Desktop\esti_scholar_management\node_modules\@jsreport\jsreport-cli\lib\commander\registerCommand.js:76:9)
    at async parseCLI (C:\Users\HP\Desktop\esti_scholar_management\node_modules\@jsreport\jsreport-cli\lib\commander\startCommand.js:156:3)
    at async startCLI (C:\Users\HP\Desktop\esti_scholar_management\node_modules\@jsreport\jsreport-cli\lib\commander\startCommand.js:121:20)
    at async startCommand (C:\Users\HP\Desktop\esti_scholar_management\node_modules\@jsreport\jsreport-cli\lib\commander\startCommand.js:67:5)
    at async startProcessing (C:\Users\HP\Desktop\esti_scholar_management\node_modules\@jsreport\jsreport-cli\lib\commander\startProcessing.js:195:3)
    at Object._useOne (C:\Users\HP\Desktop\esti_scholar_management\node_modules\@jsreport\jsreport-core\lib\main\extensions\extensionsManager.js:248:15)
    at Object._useMany (C:\Users\HP\Desktop\esti_scholar_management\node_modules\@jsreport\jsreport-core\lib\main\extensions\extensionsManager.js:99:38)
    at async MainReporter.init (C:\Users\HP\Desktop\esti_scholar_management\node_modules\@jsreport\jsreport-core\lib\main\reporter.js:207:7)
    at async executeCommand (C:\Users\HP\Desktop\esti_scholar_management\node_modules\@jsreport\jsreport-cli\lib\commander\executeCommand.js:22:20)
    at async Object.handler (C:\Users\HP\Desktop\esti_scholar_management\node_modules\@jsreport\jsreport-cli\lib\commander\registerCommand.js:76:9)
    at async parseCLI (C:\Users\HP\Desktop\esti_scholar_management\node_modules\@jsreport\jsreport-cli\lib\commander\startCommand.js:156:3)
    at async startCLI (C:\Users\HP\Desktop\esti_scholar_management\node_modules\@jsreport\jsreport-cli\lib\commander\startCommand.js:121:20)
    at async startCommand (C:\Users\HP\Desktop\esti_scholar_management\node_modules\@jsreport\jsreport-cli\lib\commander\startCommand.js:67:5)
    at async startProcessing (C:\Users\HP\Desktop\esti_scholar_management\node_modules\@jsreport\jsreport-cli\lib\commander\startProcessing.js:195:3)
2023-11-10T08:01:17.755Z - error: Error occurred during reporter init: Error: Error when loading extension html-to-xlsx@2.8.6
Error: Extension "html-to-xlsx" is not compatible with "core" extension. Missing ".requires" information in "html-to-xlsx" definition
    at validateMinimalVersion (C:\Users\HP\Desktop\esti_scholar_management\node_modules\@jsreport\jsreport-core\lib\main\extensions\validateMinimalVersion.js:24:11)
    at Object._useOne (C:\Users\HP\Desktop\esti_scholar_management\node_modules\@jsreport\jsreport-core\lib\main\extensions\extensionsManager.js:158:9)
    at Object._useMany (C:\Users\HP\Desktop\esti_scholar_management\node_modules\@jsreport\jsreport-core\lib\main\extensions\extensionsManager.js:99:38)
    at async MainReporter.init (C:\Users\HP\Desktop\esti_scholar_management\node_modules\@jsreport\jsreport-core\lib\main\reporter.js:207:7)
    at async executeCommand (C:\Users\HP\Desktop\esti_scholar_management\node_modules\@jsreport\jsreport-cli\lib\commander\executeCommand.js:22:20)
    at async Object.handler (C:\Users\HP\Desktop\esti_scholar_management\node_modules\@jsreport\jsreport-cli\lib\commander\registerCommand.js:76:9)
    at async parseCLI (C:\Users\HP\Desktop\esti_scholar_management\node_modules\@jsreport\jsreport-cli\lib\commander\startCommand.js:156:3)
    at async startCLI (C:\Users\HP\Desktop\esti_scholar_management\node_modules\@jsreport\jsreport-cli\lib\commander\startCommand.js:121:20)
    at async startCommand (C:\Users\HP\Desktop\esti_scholar_management\node_modules\@jsreport\jsreport-cli\lib\commander\startCommand.js:67:5)
    at async startProcessing (C:\Users\HP\Desktop\esti_scholar_management\node_modules\@jsreport\jsreport-cli\lib\commander\startProcessing.js:195:3)
    at Object._useOne (C:\Users\HP\Desktop\esti_scholar_management\node_modules\@jsreport\jsreport-core\lib\main\extensions\extensionsManager.js:248:15)
    at Object._useMany (C:\Users\HP\Desktop\esti_scholar_management\node_modules\@jsreport\jsreport-core\lib\main\extensions\extensionsManager.js:99:38)
    at async MainReporter.init (C:\Users\HP\Desktop\esti_scholar_management\node_modules\@jsreport\jsreport-core\lib\main\reporter.js:207:7)
    at async executeCommand (C:\Users\HP\Desktop\esti_scholar_management\node_modules\@jsreport\jsreport-cli\lib\commander\executeCommand.js:22:20)
    at async Object.handler (C:\Users\HP\Desktop\esti_scholar_management\node_modules\@jsreport\jsreport-cli\lib\commander\registerCommand.js:76:9)
    at async parseCLI (C:\Users\HP\Desktop\esti_scholar_management\node_modules\@jsreport\jsreport-cli\lib\commander\startCommand.js:156:3)
    at async startCLI (C:\Users\HP\Desktop\esti_scholar_management\node_modules\@jsreport\jsreport-cli\lib\commander\startCommand.js:121:20)
    at async startCommand (C:\Users\HP\Desktop\esti_scholar_management\node_modules\@jsreport\jsreport-cli\lib\commander\startCommand.js:67:5)
    at async startProcessing (C:\Users\HP\Desktop\esti_scholar_management\node_modules\@jsreport\jsreport-cli\lib\commander\startProcessing.js:195:3)
2023-11-10T08:03:02.588Z - error: Error occurred during reporter init: Error: Error when loading extension html-to-xlsx@2.8.6
Error: Extension "html-to-xlsx" is not compatible with "core" extension. Missing ".requires" information in "html-to-xlsx" definition
    at validateMinimalVersion (C:\Users\HP\Desktop\esti_scholar_management\node_modules\@jsreport\jsreport-core\lib\main\extensions\validateMinimalVersion.js:24:11)
    at Object._useOne (C:\Users\HP\Desktop\esti_scholar_management\node_modules\@jsreport\jsreport-core\lib\main\extensions\extensionsManager.js:158:9)
    at Object._useMany (C:\Users\HP\Desktop\esti_scholar_management\node_modules\@jsreport\jsreport-core\lib\main\extensions\extensionsManager.js:99:38)
    at async MainReporter.init (C:\Users\HP\Desktop\esti_scholar_management\node_modules\@jsreport\jsreport-core\lib\main\reporter.js:207:7)
    at Object._useOne (C:\Users\HP\Desktop\esti_scholar_management\node_modules\@jsreport\jsreport-core\lib\main\extensions\extensionsManager.js:248:15)
    at Object._useMany (C:\Users\HP\Desktop\esti_scholar_management\node_modules\@jsreport\jsreport-core\lib\main\extensions\extensionsManager.js:99:38)
    at async MainReporter.init (C:\Users\HP\Desktop\esti_scholar_management\node_modules\@jsreport\jsreport-core\lib\main\reporter.js:207:7)
2023-11-10T08:05:11.121Z - error: Error occurred during reporter init: Error: Error when loading extension html-to-xlsx@2.8.6
Error: Extension "html-to-xlsx" is not compatible with "core" extension. Missing ".requires" information in "html-to-xlsx" definition
    at validateMinimalVersion (C:\Users\HP\Desktop\esti_scholar_management\node_modules\@jsreport\jsreport-core\lib\main\extensions\validateMinimalVersion.js:24:11)
    at Object._useOne (C:\Users\HP\Desktop\esti_scholar_management\node_modules\@jsreport\jsreport-core\lib\main\extensions\extensionsManager.js:158:9)
    at Object._useMany (C:\Users\HP\Desktop\esti_scholar_management\node_modules\@jsreport\jsreport-core\lib\main\extensions\extensionsManager.js:99:38)
    at async MainReporter.init (C:\Users\HP\Desktop\esti_scholar_management\node_modules\@jsreport\jsreport-core\lib\main\reporter.js:207:7)
    at async executeCommand (C:\Users\HP\Desktop\esti_scholar_management\node_modules\@jsreport\jsreport-cli\lib\commander\executeCommand.js:22:20)
    at async Object.handler (C:\Users\HP\Desktop\esti_scholar_management\node_modules\@jsreport\jsreport-cli\lib\commander\registerCommand.js:76:9)
    at async parseCLI (C:\Users\HP\Desktop\esti_scholar_management\node_modules\@jsreport\jsreport-cli\lib\commander\startCommand.js:156:3)
    at async startCLI (C:\Users\HP\Desktop\esti_scholar_management\node_modules\@jsreport\jsreport-cli\lib\commander\startCommand.js:121:20)
    at async startCommand (C:\Users\HP\Desktop\esti_scholar_management\node_modules\@jsreport\jsreport-cli\lib\commander\startCommand.js:67:5)
    at async startProcessing (C:\Users\HP\Desktop\esti_scholar_management\node_modules\@jsreport\jsreport-cli\lib\commander\startProcessing.js:195:3)
    at Object._useOne (C:\Users\HP\Desktop\esti_scholar_management\node_modules\@jsreport\jsreport-core\lib\main\extensions\extensionsManager.js:248:15)
    at Object._useMany (C:\Users\HP\Desktop\esti_scholar_management\node_modules\@jsreport\jsreport-core\lib\main\extensions\extensionsManager.js:99:38)
    at async MainReporter.init (C:\Users\HP\Desktop\esti_scholar_management\node_modules\@jsreport\jsreport-core\lib\main\reporter.js:207:7)
    at async executeCommand (C:\Users\HP\Desktop\esti_scholar_management\node_modules\@jsreport\jsreport-cli\lib\commander\executeCommand.js:22:20)
    at async Object.handler (C:\Users\HP\Desktop\esti_scholar_management\node_modules\@jsreport\jsreport-cli\lib\commander\registerCommand.js:76:9)
    at async parseCLI (C:\Users\HP\Desktop\esti_scholar_management\node_modules\@jsreport\jsreport-cli\lib\commander\startCommand.js:156:3)
    at async startCLI (C:\Users\HP\Desktop\esti_scholar_management\node_modules\@jsreport\jsreport-cli\lib\commander\startCommand.js:121:20)
    at async startCommand (C:\Users\HP\Desktop\esti_scholar_management\node_modules\@jsreport\jsreport-cli\lib\commander\startCommand.js:67:5)
    at async startProcessing (C:\Users\HP\Desktop\esti_scholar_management\node_modules\@jsreport\jsreport-cli\lib\commander\startProcessing.js:195:3)
2023-11-10T08:09:30.709Z - error: Error occurred during reporter init: Error: Error when loading extension html-to-xlsx@2.8.6
Error: Extension "html-to-xlsx" is not compatible with "core" extension. Missing ".requires" information in "html-to-xlsx" definition
    at validateMinimalVersion (C:\Users\HP\Desktop\esti_scholar_management\node_modules\@jsreport\jsreport-core\lib\main\extensions\validateMinimalVersion.js:24:11)
    at Object._useOne (C:\Users\HP\Desktop\esti_scholar_management\node_modules\@jsreport\jsreport-core\lib\main\extensions\extensionsManager.js:158:9)
    at Object._useMany (C:\Users\HP\Desktop\esti_scholar_management\node_modules\@jsreport\jsreport-core\lib\main\extensions\extensionsManager.js:99:38)
    at async MainReporter.init (C:\Users\HP\Desktop\esti_scholar_management\node_modules\@jsreport\jsreport-core\lib\main\reporter.js:207:7)
    at async executeCommand (C:\Users\HP\Desktop\esti_scholar_management\node_modules\@jsreport\jsreport-cli\lib\commander\executeCommand.js:22:20)
    at async Object.handler (C:\Users\HP\Desktop\esti_scholar_management\node_modules\@jsreport\jsreport-cli\lib\commander\registerCommand.js:76:9)
    at async parseCLI (C:\Users\HP\Desktop\esti_scholar_management\node_modules\@jsreport\jsreport-cli\lib\commander\startCommand.js:156:3)
    at async startCLI (C:\Users\HP\Desktop\esti_scholar_management\node_modules\@jsreport\jsreport-cli\lib\commander\startCommand.js:121:20)
    at async startCommand (C:\Users\HP\Desktop\esti_scholar_management\node_modules\@jsreport\jsreport-cli\lib\commander\startCommand.js:67:5)
    at async startProcessing (C:\Users\HP\Desktop\esti_scholar_management\node_modules\@jsreport\jsreport-cli\lib\commander\startProcessing.js:195:3)
    at Object._useOne (C:\Users\HP\Desktop\esti_scholar_management\node_modules\@jsreport\jsreport-core\lib\main\extensions\extensionsManager.js:248:15)
    at Object._useMany (C:\Users\HP\Desktop\esti_scholar_management\node_modules\@jsreport\jsreport-core\lib\main\extensions\extensionsManager.js:99:38)
    at async MainReporter.init (C:\Users\HP\Desktop\esti_scholar_management\node_modules\@jsreport\jsreport-core\lib\main\reporter.js:207:7)
    at async executeCommand (C:\Users\HP\Desktop\esti_scholar_management\node_modules\@jsreport\jsreport-cli\lib\commander\executeCommand.js:22:20)
    at async Object.handler (C:\Users\HP\Desktop\esti_scholar_management\node_modules\@jsreport\jsreport-cli\lib\commander\registerCommand.js:76:9)
    at async parseCLI (C:\Users\HP\Desktop\esti_scholar_management\node_modules\@jsreport\jsreport-cli\lib\commander\startCommand.js:156:3)
    at async startCLI (C:\Users\HP\Desktop\esti_scholar_management\node_modules\@jsreport\jsreport-cli\lib\commander\startCommand.js:121:20)
    at async startCommand (C:\Users\HP\Desktop\esti_scholar_management\node_modules\@jsreport\jsreport-cli\lib\commander\startCommand.js:67:5)
    at async startProcessing (C:\Users\HP\Desktop\esti_scholar_management\node_modules\@jsreport\jsreport-cli\lib\commander\startProcessing.js:195:3)
2023-11-10T08:18:30.280Z - error: Error occurred during reporter init: Error: Error when loading extension express@2.8.1
Error: Extension "express" is not compatible with "core" extension. Missing ".requires" information in "express" definition
    at validateMinimalVersion (C:\Users\HP\Desktop\esti_scholar_management\node_modules\@jsreport\jsreport-core\lib\main\extensions\validateMinimalVersion.js:24:11)
    at Object._useOne (C:\Users\HP\Desktop\esti_scholar_management\node_modules\@jsreport\jsreport-core\lib\main\extensions\extensionsManager.js:158:9)
    at Object._useMany (C:\Users\HP\Desktop\esti_scholar_management\node_modules\@jsreport\jsreport-core\lib\main\extensions\extensionsManager.js:99:38)
    at Object.init (C:\Users\HP\Desktop\esti_scholar_management\node_modules\@jsreport\jsreport-core\lib\main\extensions\extensionsManager.js:74:19)
    at MainReporter.init (C:\Users\HP\Desktop\esti_scholar_management\node_modules\@jsreport\jsreport-core\lib\main\reporter.js:207:36)
    at async generateExcel (webpack-internal:///(api)/./utils/generateExcel.ts:31:5)
    at async handler (webpack-internal:///(api)/./pages/api/xlsx/index.ts:12:22)
    at Object._useOne (C:\Users\HP\Desktop\esti_scholar_management\node_modules\@jsreport\jsreport-core\lib\main\extensions\extensionsManager.js:248:15)
    at Object._useMany (C:\Users\HP\Desktop\esti_scholar_management\node_modules\@jsreport\jsreport-core\lib\main\extensions\extensionsManager.js:99:38)
    at Object.init (C:\Users\HP\Desktop\esti_scholar_management\node_modules\@jsreport\jsreport-core\lib\main\extensions\extensionsManager.js:74:19)
    at MainReporter.init (C:\Users\HP\Desktop\esti_scholar_management\node_modules\@jsreport\jsreport-core\lib\main\reporter.js:207:36)
    at async generateExcel (webpack-internal:///(api)/./utils/generateExcel.ts:31:5)
    at async handler (webpack-internal:///(api)/./pages/api/xlsx/index.ts:12:22)
2023-11-10T08:22:47.437Z - error: Error occurred during reporter init: Error: Error when loading extension express@2.8.1
Error: Extension "express" is not compatible with "core" extension. Missing ".requires" information in "express" definition
    at validateMinimalVersion (C:\Users\HP\Desktop\esti_scholar_management\node_modules\@jsreport\jsreport-core\lib\main\extensions\validateMinimalVersion.js:24:11)
    at Object._useOne (C:\Users\HP\Desktop\esti_scholar_management\node_modules\@jsreport\jsreport-core\lib\main\extensions\extensionsManager.js:158:9)
    at Object._useMany (C:\Users\HP\Desktop\esti_scholar_management\node_modules\@jsreport\jsreport-core\lib\main\extensions\extensionsManager.js:99:38)
    at Object.init (C:\Users\HP\Desktop\esti_scholar_management\node_modules\@jsreport\jsreport-core\lib\main\extensions\extensionsManager.js:74:19)
    at MainReporter.init (C:\Users\HP\Desktop\esti_scholar_management\node_modules\@jsreport\jsreport-core\lib\main\reporter.js:207:36)
    at async generateExcel (webpack-internal:///(api)/./utils/generateExcel.ts:31:5)
    at async handler (webpack-internal:///(api)/./pages/api/xlsx/index.ts:12:22)
    at Object._useOne (C:\Users\HP\Desktop\esti_scholar_management\node_modules\@jsreport\jsreport-core\lib\main\extensions\extensionsManager.js:248:15)
    at Object._useMany (C:\Users\HP\Desktop\esti_scholar_management\node_modules\@jsreport\jsreport-core\lib\main\extensions\extensionsManager.js:99:38)
    at Object.init (C:\Users\HP\Desktop\esti_scholar_management\node_modules\@jsreport\jsreport-core\lib\main\extensions\extensionsManager.js:74:19)
    at MainReporter.init (C:\Users\HP\Desktop\esti_scholar_management\node_modules\@jsreport\jsreport-core\lib\main\reporter.js:207:36)
    at async generateExcel (webpack-internal:///(api)/./utils/generateExcel.ts:31:5)
    at async handler (webpack-internal:///(api)/./pages/api/xlsx/index.ts:12:22)
2023-11-10T08:32:07.560Z - error: Error occurred during reporter init: Error: Error when loading extension express@2.8.1
Error: Extension "express" is not compatible with "core" extension. Missing ".requires" information in "express" definition
    at validateMinimalVersion (C:\Users\HP\Desktop\esti_scholar_management\node_modules\@jsreport\jsreport-core\lib\main\extensions\validateMinimalVersion.js:24:11)
    at Object._useOne (C:\Users\HP\Desktop\esti_scholar_management\node_modules\@jsreport\jsreport-core\lib\main\extensions\extensionsManager.js:158:9)
    at Object._useMany (C:\Users\HP\Desktop\esti_scholar_management\node_modules\@jsreport\jsreport-core\lib\main\extensions\extensionsManager.js:99:38)
    at Object.init (C:\Users\HP\Desktop\esti_scholar_management\node_modules\@jsreport\jsreport-core\lib\main\extensions\extensionsManager.js:74:19)
    at MainReporter.init (C:\Users\HP\Desktop\esti_scholar_management\node_modules\@jsreport\jsreport-core\lib\main\reporter.js:207:36)
    at async generateExcel (webpack-internal:///(api)/./utils/generateExcel.ts:31:5)
    at async handler (webpack-internal:///(api)/./pages/api/xlsx/index.ts:12:22)
    at Object._useOne (C:\Users\HP\Desktop\esti_scholar_management\node_modules\@jsreport\jsreport-core\lib\main\extensions\extensionsManager.js:248:15)
    at Object._useMany (C:\Users\HP\Desktop\esti_scholar_management\node_modules\@jsreport\jsreport-core\lib\main\extensions\extensionsManager.js:99:38)
    at Object.init (C:\Users\HP\Desktop\esti_scholar_management\node_modules\@jsreport\jsreport-core\lib\main\extensions\extensionsManager.js:74:19)
    at MainReporter.init (C:\Users\HP\Desktop\esti_scholar_management\node_modules\@jsreport\jsreport-core\lib\main\reporter.js:207:36)
    at async generateExcel (webpack-internal:///(api)/./utils/generateExcel.ts:31:5)
    at async handler (webpack-internal:///(api)/./pages/api/xlsx/index.ts:12:22)
2023-11-10T08:53:17.439Z - error: Error when starting http server on port 5488 Error: listen EADDRINUSE: address already in use :::5488
    at Server.setupListenHandle [as _listen2] (node:net:1751:16)
    at listenInCluster (node:net:1799:12)
    at Server.listen (node:net:1887:7)
    at C:\Users\HP\Desktop\esti_scholar_management\node_modules\@jsreport\jsreport-express\lib\main.js:22:12
    at new Promise (<anonymous>)
    at startAsync (C:\Users\HP\Desktop\esti_scholar_management\node_modules\@jsreport\jsreport-express\lib\main.js:16:10)
    at C:\Users\HP\Desktop\esti_scholar_management\node_modules\@jsreport\jsreport-express\lib\main.js:50:14
    at Object.start (C:\Users\HP\Desktop\esti_scholar_management\node_modules\@jsreport\jsreport-express\lib\main.js:125:13)
    at Object.<anonymous> (C:\Users\HP\Desktop\esti_scholar_management\node_modules\@jsreport\jsreport-express\lib\main.js:333:30)
    at async ListenerCollection.fire (C:\Users\HP\Desktop\esti_scholar_management\node_modules\@jsreport\jsreport-core\lib\shared\listenerCollection.js:157:21)
    at async MainReporter.init (C:\Users\HP\Desktop\esti_scholar_management\node_modules\@jsreport\jsreport-core\lib\main\reporter.js:265:7)
    at async generateExcel (webpack-internal:///(api)/./utils/generateExcel.ts:31:5)
    at async handler (webpack-internal:///(api)/./pages/api/xlsx/index.ts:12:22)
2023-11-10T08:53:17.444Z - error: Error occurred during reporter init: Error: listen EADDRINUSE: address already in use :::5488
    at Server.setupListenHandle [as _listen2] (node:net:1751:16)
    at listenInCluster (node:net:1799:12)
    at Server.listen (node:net:1887:7)
    at C:\Users\HP\Desktop\esti_scholar_management\node_modules\@jsreport\jsreport-express\lib\main.js:22:12
    at new Promise (<anonymous>)
    at startAsync (C:\Users\HP\Desktop\esti_scholar_management\node_modules\@jsreport\jsreport-express\lib\main.js:16:10)
    at C:\Users\HP\Desktop\esti_scholar_management\node_modules\@jsreport\jsreport-express\lib\main.js:50:14
    at Object.start (C:\Users\HP\Desktop\esti_scholar_management\node_modules\@jsreport\jsreport-express\lib\main.js:125:13)
    at Object.<anonymous> (C:\Users\HP\Desktop\esti_scholar_management\node_modules\@jsreport\jsreport-express\lib\main.js:333:30)
    at async ListenerCollection.fire (C:\Users\HP\Desktop\esti_scholar_management\node_modules\@jsreport\jsreport-core\lib\shared\listenerCollection.js:157:21)
    at async MainReporter.init (C:\Users\HP\Desktop\esti_scholar_management\node_modules\@jsreport\jsreport-core\lib\main\reporter.js:265:7)
    at async generateExcel (webpack-internal:///(api)/./utils/generateExcel.ts:31:5)
    at async handler (webpack-internal:///(api)/./pages/api/xlsx/index.ts:12:22)
2023-11-10T08:56:20.797Z - error: Error when starting http server on port 5488 Error: listen EADDRINUSE: address already in use :::5488
    at Server.setupListenHandle [as _listen2] (node:net:1751:16)
    at listenInCluster (node:net:1799:12)
    at Server.listen (node:net:1887:7)
    at C:\Users\HP\Desktop\esti_scholar_management\node_modules\@jsreport\jsreport-express\lib\main.js:22:12
    at new Promise (<anonymous>)
    at startAsync (C:\Users\HP\Desktop\esti_scholar_management\node_modules\@jsreport\jsreport-express\lib\main.js:16:10)
    at C:\Users\HP\Desktop\esti_scholar_management\node_modules\@jsreport\jsreport-express\lib\main.js:50:14
    at Object.start (C:\Users\HP\Desktop\esti_scholar_management\node_modules\@jsreport\jsreport-express\lib\main.js:125:13)
    at Object.<anonymous> (C:\Users\HP\Desktop\esti_scholar_management\node_modules\@jsreport\jsreport-express\lib\main.js:333:30)
    at async ListenerCollection.fire (C:\Users\HP\Desktop\esti_scholar_management\node_modules\@jsreport\jsreport-core\lib\shared\listenerCollection.js:157:21)
    at async MainReporter.init (C:\Users\HP\Desktop\esti_scholar_management\node_modules\@jsreport\jsreport-core\lib\main\reporter.js:265:7)
    at async generateExcel (webpack-internal:///(api)/./utils/generateExcel.ts:31:5)
    at async handler (webpack-internal:///(api)/./pages/api/xlsx/index.ts:12:22)
2023-11-10T08:56:20.800Z - error: Error occurred during reporter init: Error: listen EADDRINUSE: address already in use :::5488
    at Server.setupListenHandle [as _listen2] (node:net:1751:16)
    at listenInCluster (node:net:1799:12)
    at Server.listen (node:net:1887:7)
    at C:\Users\HP\Desktop\esti_scholar_management\node_modules\@jsreport\jsreport-express\lib\main.js:22:12
    at new Promise (<anonymous>)
    at startAsync (C:\Users\HP\Desktop\esti_scholar_management\node_modules\@jsreport\jsreport-express\lib\main.js:16:10)
    at C:\Users\HP\Desktop\esti_scholar_management\node_modules\@jsreport\jsreport-express\lib\main.js:50:14
    at Object.start (C:\Users\HP\Desktop\esti_scholar_management\node_modules\@jsreport\jsreport-express\lib\main.js:125:13)
    at Object.<anonymous> (C:\Users\HP\Desktop\esti_scholar_management\node_modules\@jsreport\jsreport-express\lib\main.js:333:30)
    at async ListenerCollection.fire (C:\Users\HP\Desktop\esti_scholar_management\node_modules\@jsreport\jsreport-core\lib\shared\listenerCollection.js:157:21)
    at async MainReporter.init (C:\Users\HP\Desktop\esti_scholar_management\node_modules\@jsreport\jsreport-core\lib\main\reporter.js:265:7)
    at async generateExcel (webpack-internal:///(api)/./utils/generateExcel.ts:31:5)
    at async handler (webpack-internal:///(api)/./pages/api/xlsx/index.ts:12:22)
2023-11-10T08:58:22.858Z - error: Error when starting http server on port 5488 Error: listen EADDRINUSE: address already in use :::5488
    at Server.setupListenHandle [as _listen2] (node:net:1751:16)
    at listenInCluster (node:net:1799:12)
    at Server.listen (node:net:1887:7)
    at C:\Users\HP\Desktop\esti_scholar_management\node_modules\@jsreport\jsreport-express\lib\main.js:22:12
    at new Promise (<anonymous>)
    at startAsync (C:\Users\HP\Desktop\esti_scholar_management\node_modules\@jsreport\jsreport-express\lib\main.js:16:10)
    at C:\Users\HP\Desktop\esti_scholar_management\node_modules\@jsreport\jsreport-express\lib\main.js:50:14
    at Object.start (C:\Users\HP\Desktop\esti_scholar_management\node_modules\@jsreport\jsreport-express\lib\main.js:125:13)
    at Object.<anonymous> (C:\Users\HP\Desktop\esti_scholar_management\node_modules\@jsreport\jsreport-express\lib\main.js:333:30)
    at async ListenerCollection.fire (C:\Users\HP\Desktop\esti_scholar_management\node_modules\@jsreport\jsreport-core\lib\shared\listenerCollection.js:157:21)
    at async MainReporter.init (C:\Users\HP\Desktop\esti_scholar_management\node_modules\@jsreport\jsreport-core\lib\main\reporter.js:265:7)
    at async generateExcel (webpack-internal:///(api)/./utils/generateExcel.ts:31:5)
    at async handler (webpack-internal:///(api)/./pages/api/xlsx/index.ts:12:22)
2023-11-10T08:58:22.861Z - error: Error occurred during reporter init: Error: listen EADDRINUSE: address already in use :::5488
    at Server.setupListenHandle [as _listen2] (node:net:1751:16)
    at listenInCluster (node:net:1799:12)
    at Server.listen (node:net:1887:7)
    at C:\Users\HP\Desktop\esti_scholar_management\node_modules\@jsreport\jsreport-express\lib\main.js:22:12
    at new Promise (<anonymous>)
    at startAsync (C:\Users\HP\Desktop\esti_scholar_management\node_modules\@jsreport\jsreport-express\lib\main.js:16:10)
    at C:\Users\HP\Desktop\esti_scholar_management\node_modules\@jsreport\jsreport-express\lib\main.js:50:14
    at Object.start (C:\Users\HP\Desktop\esti_scholar_management\node_modules\@jsreport\jsreport-express\lib\main.js:125:13)
    at Object.<anonymous> (C:\Users\HP\Desktop\esti_scholar_management\node_modules\@jsreport\jsreport-express\lib\main.js:333:30)
    at async ListenerCollection.fire (C:\Users\HP\Desktop\esti_scholar_management\node_modules\@jsreport\jsreport-core\lib\shared\listenerCollection.js:157:21)
    at async MainReporter.init (C:\Users\HP\Desktop\esti_scholar_management\node_modules\@jsreport\jsreport-core\lib\main\reporter.js:265:7)
    at async generateExcel (webpack-internal:///(api)/./utils/generateExcel.ts:31:5)
    at async handler (webpack-internal:///(api)/./pages/api/xlsx/index.ts:12:22)
2023-11-10T10:41:14.732Z - error: Error when starting http server on port 5488 Error: listen EADDRINUSE: address already in use :::5488
    at Server.setupListenHandle [as _listen2] (node:net:1751:16)
    at listenInCluster (node:net:1799:12)
    at Server.listen (node:net:1887:7)
    at C:\Users\HP\Desktop\esti_scholar_management\node_modules\@jsreport\jsreport-express\lib\main.js:22:12
    at new Promise (<anonymous>)
    at startAsync (C:\Users\HP\Desktop\esti_scholar_management\node_modules\@jsreport\jsreport-express\lib\main.js:16:10)
    at C:\Users\HP\Desktop\esti_scholar_management\node_modules\@jsreport\jsreport-express\lib\main.js:50:14
    at Object.start (C:\Users\HP\Desktop\esti_scholar_management\node_modules\@jsreport\jsreport-express\lib\main.js:125:13)
    at Object.<anonymous> (C:\Users\HP\Desktop\esti_scholar_management\node_modules\@jsreport\jsreport-express\lib\main.js:333:30)
    at async ListenerCollection.fire (C:\Users\HP\Desktop\esti_scholar_management\node_modules\@jsreport\jsreport-core\lib\shared\listenerCollection.js:157:21)
    at async MainReporter.init (C:\Users\HP\Desktop\esti_scholar_management\node_modules\@jsreport\jsreport-core\lib\main\reporter.js:265:7)
    at async generateDocx (webpack-internal:///(api)/./utils/docxGenerator.ts:31:5)
    at async handler (webpack-internal:///(api)/./pages/api/doc/releve_note/[num_matricule]/[id_calendrier_2]/index.ts:58:25)
2023-11-10T10:41:14.740Z - error: Error occurred during reporter init: Error: listen EADDRINUSE: address already in use :::5488
    at Server.setupListenHandle [as _listen2] (node:net:1751:16)
    at listenInCluster (node:net:1799:12)
    at Server.listen (node:net:1887:7)
    at C:\Users\HP\Desktop\esti_scholar_management\node_modules\@jsreport\jsreport-express\lib\main.js:22:12
    at new Promise (<anonymous>)
    at startAsync (C:\Users\HP\Desktop\esti_scholar_management\node_modules\@jsreport\jsreport-express\lib\main.js:16:10)
    at C:\Users\HP\Desktop\esti_scholar_management\node_modules\@jsreport\jsreport-express\lib\main.js:50:14
    at Object.start (C:\Users\HP\Desktop\esti_scholar_management\node_modules\@jsreport\jsreport-express\lib\main.js:125:13)
    at Object.<anonymous> (C:\Users\HP\Desktop\esti_scholar_management\node_modules\@jsreport\jsreport-express\lib\main.js:333:30)
    at async ListenerCollection.fire (C:\Users\HP\Desktop\esti_scholar_management\node_modules\@jsreport\jsreport-core\lib\shared\listenerCollection.js:157:21)
    at async MainReporter.init (C:\Users\HP\Desktop\esti_scholar_management\node_modules\@jsreport\jsreport-core\lib\main\reporter.js:265:7)
    at async generateDocx (webpack-internal:///(api)/./utils/docxGenerator.ts:31:5)
    at async handler (webpack-internal:///(api)/./pages/api/doc/releve_note/[num_matricule]/[id_calendrier_2]/index.ts:58:25)
2023-11-21T07:37:54.416Z - error: Error when starting http server on port 5488 Error: listen EADDRINUSE: address already in use :::5488
    at Server.setupListenHandle [as _listen2] (node:net:1751:16)
    at listenInCluster (node:net:1799:12)
    at Server.listen (node:net:1887:7)
    at C:\Users\HP\Desktop\esti_scholar_management\node_modules\@jsreport\jsreport-express\lib\main.js:22:12
    at new Promise (<anonymous>)
    at startAsync (C:\Users\HP\Desktop\esti_scholar_management\node_modules\@jsreport\jsreport-express\lib\main.js:16:10)
    at C:\Users\HP\Desktop\esti_scholar_management\node_modules\@jsreport\jsreport-express\lib\main.js:50:14
    at Object.start (C:\Users\HP\Desktop\esti_scholar_management\node_modules\@jsreport\jsreport-express\lib\main.js:125:13)
    at Object.<anonymous> (C:\Users\HP\Desktop\esti_scholar_management\node_modules\@jsreport\jsreport-express\lib\main.js:333:30)
    at async ListenerCollection.fire (C:\Users\HP\Desktop\esti_scholar_management\node_modules\@jsreport\jsreport-core\lib\shared\listenerCollection.js:157:21)
    at async MainReporter.init (C:\Users\HP\Desktop\esti_scholar_management\node_modules\@jsreport\jsreport-core\lib\main\reporter.js:265:7)
    at async generateExcel (webpack-internal:///(api)/./utils/generateExcel.ts:42:5)
    at async handler (webpack-internal:///(api)/./pages/api/xlsx/releve-note/[num_matricule]/[id_calendrier_2]/index.ts:65:31)
2023-11-21T07:37:54.422Z - error: Error occurred during reporter init: Error: listen EADDRINUSE: address already in use :::5488
    at Server.setupListenHandle [as _listen2] (node:net:1751:16)
    at listenInCluster (node:net:1799:12)
    at Server.listen (node:net:1887:7)
    at C:\Users\HP\Desktop\esti_scholar_management\node_modules\@jsreport\jsreport-express\lib\main.js:22:12
    at new Promise (<anonymous>)
    at startAsync (C:\Users\HP\Desktop\esti_scholar_management\node_modules\@jsreport\jsreport-express\lib\main.js:16:10)
    at C:\Users\HP\Desktop\esti_scholar_management\node_modules\@jsreport\jsreport-express\lib\main.js:50:14
    at Object.start (C:\Users\HP\Desktop\esti_scholar_management\node_modules\@jsreport\jsreport-express\lib\main.js:125:13)
    at Object.<anonymous> (C:\Users\HP\Desktop\esti_scholar_management\node_modules\@jsreport\jsreport-express\lib\main.js:333:30)
    at async ListenerCollection.fire (C:\Users\HP\Desktop\esti_scholar_management\node_modules\@jsreport\jsreport-core\lib\shared\listenerCollection.js:157:21)
    at async MainReporter.init (C:\Users\HP\Desktop\esti_scholar_management\node_modules\@jsreport\jsreport-core\lib\main\reporter.js:265:7)
    at async generateExcel (webpack-internal:///(api)/./utils/generateExcel.ts:42:5)
    at async handler (webpack-internal:///(api)/./pages/api/xlsx/releve-note/[num_matricule]/[id_calendrier_2]/index.ts:65:31)
2023-11-21T07:41:15.333Z - error: Error when starting http server on port 5488 Error: listen EADDRINUSE: address already in use :::5488
    at Server.setupListenHandle [as _listen2] (node:net:1751:16)
    at listenInCluster (node:net:1799:12)
    at Server.listen (node:net:1887:7)
    at C:\Users\HP\Desktop\esti_scholar_management\node_modules\@jsreport\jsreport-express\lib\main.js:22:12
    at new Promise (<anonymous>)
    at startAsync (C:\Users\HP\Desktop\esti_scholar_management\node_modules\@jsreport\jsreport-express\lib\main.js:16:10)
    at C:\Users\HP\Desktop\esti_scholar_management\node_modules\@jsreport\jsreport-express\lib\main.js:50:14
    at Object.start (C:\Users\HP\Desktop\esti_scholar_management\node_modules\@jsreport\jsreport-express\lib\main.js:125:13)
    at Object.<anonymous> (C:\Users\HP\Desktop\esti_scholar_management\node_modules\@jsreport\jsreport-express\lib\main.js:333:30)
    at async ListenerCollection.fire (C:\Users\HP\Desktop\esti_scholar_management\node_modules\@jsreport\jsreport-core\lib\shared\listenerCollection.js:157:21)
    at async MainReporter.init (C:\Users\HP\Desktop\esti_scholar_management\node_modules\@jsreport\jsreport-core\lib\main\reporter.js:265:7)
    at async generateExcel (webpack-internal:///(api)/./utils/generateExcel.ts:42:5)
    at async handler (webpack-internal:///(api)/./pages/api/xlsx/releve-note/[num_matricule]/[id_calendrier_2]/index.ts:65:31)
2023-11-21T07:41:15.339Z - error: Error occurred during reporter init: Error: listen EADDRINUSE: address already in use :::5488
    at Server.setupListenHandle [as _listen2] (node:net:1751:16)
    at listenInCluster (node:net:1799:12)
    at Server.listen (node:net:1887:7)
    at C:\Users\HP\Desktop\esti_scholar_management\node_modules\@jsreport\jsreport-express\lib\main.js:22:12
    at new Promise (<anonymous>)
    at startAsync (C:\Users\HP\Desktop\esti_scholar_management\node_modules\@jsreport\jsreport-express\lib\main.js:16:10)
    at C:\Users\HP\Desktop\esti_scholar_management\node_modules\@jsreport\jsreport-express\lib\main.js:50:14
    at Object.start (C:\Users\HP\Desktop\esti_scholar_management\node_modules\@jsreport\jsreport-express\lib\main.js:125:13)
    at Object.<anonymous> (C:\Users\HP\Desktop\esti_scholar_management\node_modules\@jsreport\jsreport-express\lib\main.js:333:30)
    at async ListenerCollection.fire (C:\Users\HP\Desktop\esti_scholar_management\node_modules\@jsreport\jsreport-core\lib\shared\listenerCollection.js:157:21)
    at async MainReporter.init (C:\Users\HP\Desktop\esti_scholar_management\node_modules\@jsreport\jsreport-core\lib\main\reporter.js:265:7)
    at async generateExcel (webpack-internal:///(api)/./utils/generateExcel.ts:42:5)
    at async handler (webpack-internal:///(api)/./pages/api/xlsx/releve-note/[num_matricule]/[id_calendrier_2]/index.ts:65:31)
